<?xml version="1.0" encoding="UTF-8"?>
<testsuite xmlns:xsi="http://www.w3.org/2001/XMLSchema-instance" xsi:noNamespaceSchemaLocation="https://maven.apache.org/surefire/maven-surefire-plugin/xsd/surefire-test-report.xsd" name="TestSuite" time="0.159" tests="0" errors="0" skipped="0" failures="0">
  <properties>
    <property name="java.runtime.name" value="Java(TM) SE Runtime Environment"/>
    <property name="sun.boot.library.path" value="/Library/Java/JavaVirtualMachines/jdk1.8.0_112.jdk/Contents/Home/jre/lib"/>
    <property name="java.vm.version" value="25.112-b16"/>
    <property name="gopherProxySet" value="false"/>
    <property name="java.vm.vendor" value="Oracle Corporation"/>
    <property name="maven.multiModuleProjectDirectory" value="/Users/sylee/dev/selenium/qa-automation"/>
    <property name="java.vendor.url" value="http://java.oracle.com/"/>
    <property name="path.separator" value=":"/>
    <property name="guice.disable.misplaced.annotation.check" value="true"/>
    <property name="java.vm.name" value="Java HotSpot(TM) 64-Bit Server VM"/>
    <property name="file.encoding.pkg" value="sun.io"/>
    <property name="user.country" value="US"/>
    <property name="sun.java.launcher" value="SUN_STANDARD"/>
    <property name="sun.os.patch.level" value="unknown"/>
    <property name="java.vm.specification.name" value="Java Virtual Machine Specification"/>
    <property name="user.dir" value="/Users/sylee/dev/selenium/qa-automation"/>
    <property name="java.runtime.version" value="1.8.0_112-b16"/>
    <property name="java.awt.graphicsenv" value="sun.awt.CGraphicsEnvironment"/>
    <property name="basedir" value="/Users/sylee/dev/selenium/qa-automation"/>
    <property name="java.endorsed.dirs" value="/Library/Java/JavaVirtualMachines/jdk1.8.0_112.jdk/Contents/Home/jre/lib/endorsed"/>
    <property name="os.arch" value="x86_64"/>
    <property name="java.io.tmpdir" value="/var/folders/4p/qs07drws28n79h5gx800l6j0ktz40x/T/"/>
    <property name="line.separator" value="&#10;"/>
    <property name="java.vm.specification.vendor" value="Oracle Corporation"/>
    <property name="os.name" value="Mac OS X"/>
    <property name="classworlds.conf" value="/Users/sylee/dev/apache-maven-3.6.0/bin/m2.conf"/>
    <property name="sun.jnu.encoding" value="UTF-8"/>
    <property name="java.library.path" value="/Users/sylee/Library/Java/Extensions:/Library/Java/Extensions:/Network/Library/Java/Extensions:/System/Library/Java/Extensions:/usr/lib/java:."/>
    <property name="surefire.test.class.path" value="/Users/sylee/dev/selenium/qa-automation/target/test-classes:/Users/sylee/dev/selenium/qa-automation/target/classes:/Users/sylee/dev/apache-maven-3.6.0/repo/org/seleniumhq/selenium/selenium-server/3.141.59/selenium-server-3.141.59.jar:/Users/sylee/dev/apache-maven-3.6.0/repo/org/seleniumhq/selenium/selenium-java/3.141.59/selenium-java-3.141.59.jar:/Users/sylee/dev/apache-maven-3.6.0/repo/org/seleniumhq/selenium/selenium-api/3.141.59/selenium-api-3.141.59.jar:/Users/sylee/dev/apache-maven-3.6.0/repo/org/seleniumhq/selenium/selenium-chrome-driver/3.141.59/selenium-chrome-driver-3.141.59.jar:/Users/sylee/dev/apache-maven-3.6.0/repo/org/seleniumhq/selenium/selenium-edge-driver/3.141.59/selenium-edge-driver-3.141.59.jar:/Users/sylee/dev/apache-maven-3.6.0/repo/org/seleniumhq/selenium/selenium-firefox-driver/3.141.59/selenium-firefox-driver-3.141.59.jar:/Users/sylee/dev/apache-maven-3.6.0/repo/org/seleniumhq/selenium/selenium-ie-driver/3.141.59/selenium-ie-driver-3.141.59.jar:/Users/sylee/dev/apache-maven-3.6.0/repo/org/seleniumhq/selenium/selenium-opera-driver/3.141.59/selenium-opera-driver-3.141.59.jar:/Users/sylee/dev/apache-maven-3.6.0/repo/org/seleniumhq/selenium/selenium-remote-driver/3.141.59/selenium-remote-driver-3.141.59.jar:/Users/sylee/dev/apache-maven-3.6.0/repo/org/seleniumhq/selenium/selenium-safari-driver/3.141.59/selenium-safari-driver-3.141.59.jar:/Users/sylee/dev/apache-maven-3.6.0/repo/org/seleniumhq/selenium/selenium-support/3.141.59/selenium-support-3.141.59.jar:/Users/sylee/dev/apache-maven-3.6.0/repo/com/beust/jcommander/1.72/jcommander-1.72.jar:/Users/sylee/dev/apache-maven-3.6.0/repo/net/bytebuddy/byte-buddy/1.8.15/byte-buddy-1.8.15.jar:/Users/sylee/dev/apache-maven-3.6.0/repo/org/apache/commons/commons-exec/1.3/commons-exec-1.3.jar:/Users/sylee/dev/apache-maven-3.6.0/repo/com/google/guava/guava/25.0-jre/guava-25.0-jre.jar:/Users/sylee/dev/apache-maven-3.6.0/repo/com/google/code/findbugs/jsr305/1.3.9/jsr305-1.3.9.jar:/Users/sylee/dev/apache-maven-3.6.0/repo/org/checkerframework/checker-compat-qual/2.0.0/checker-compat-qual-2.0.0.jar:/Users/sylee/dev/apache-maven-3.6.0/repo/com/google/errorprone/error_prone_annotations/2.1.3/error_prone_annotations-2.1.3.jar:/Users/sylee/dev/apache-maven-3.6.0/repo/com/google/j2objc/j2objc-annotations/1.1/j2objc-annotations-1.1.jar:/Users/sylee/dev/apache-maven-3.6.0/repo/org/codehaus/mojo/animal-sniffer-annotations/1.14/animal-sniffer-annotations-1.14.jar:/Users/sylee/dev/apache-maven-3.6.0/repo/net/jcip/jcip-annotations/1.0/jcip-annotations-1.0.jar:/Users/sylee/dev/apache-maven-3.6.0/repo/org/seleniumhq/selenium/jetty-repacked/9.4.12.v20180830/jetty-repacked-9.4.12.v20180830.jar:/Users/sylee/dev/apache-maven-3.6.0/repo/com/squareup/okhttp3/okhttp/3.11.0/okhttp-3.11.0.jar:/Users/sylee/dev/apache-maven-3.6.0/repo/com/squareup/okio/okio/1.14.0/okio-1.14.0.jar:/Users/sylee/dev/apache-maven-3.6.0/repo/javax/servlet/javax.servlet-api/3.1.0/javax.servlet-api-3.1.0.jar:/Users/sylee/dev/apache-maven-3.6.0/repo/org/yaml/snakeyaml/1.19/snakeyaml-1.19.jar:/Users/sylee/dev/apache-maven-3.6.0/repo/org/testng/testng/6.14.3/testng-6.14.3.jar:/Users/sylee/dev/apache-maven-3.6.0/repo/org/apache-extras/beanshell/bsh/2.0b6/bsh-2.0b6.jar:/Users/sylee/dev/apache-maven-3.6.0/repo/org/apache/xmlbeans/xmlbeans/2.6.0/xmlbeans-2.6.0.jar:/Users/sylee/dev/apache-maven-3.6.0/repo/stax/stax-api/1.0.1/stax-api-1.0.1.jar:/Users/sylee/dev/apache-maven-3.6.0/repo/javax/activation/activation/1.1.1/activation-1.1.1.jar:/Users/sylee/dev/apache-maven-3.6.0/repo/javax/mail/javax.mail-api/1.5.4/javax.mail-api-1.5.4.jar:/Users/sylee/dev/apache-maven-3.6.0/repo/io/rest-assured/rest-assured/3.2.0/rest-assured-3.2.0.jar:/Users/sylee/dev/apache-maven-3.6.0/repo/org/codehaus/groovy/groovy/2.4.15/groovy-2.4.15.jar:/Users/sylee/dev/apache-maven-3.6.0/repo/org/codehaus/groovy/groovy-xml/2.4.15/groovy-xml-2.4.15.jar:/Users/sylee/dev/apache-maven-3.6.0/repo/org/apache/httpcomponents/httpclient/4.5.3/httpclient-4.5.3.jar:/Users/sylee/dev/apache-maven-3.6.0/repo/org/apache/httpcomponents/httpcore/4.4.6/httpcore-4.4.6.jar:/Users/sylee/dev/apache-maven-3.6.0/repo/commons-logging/commons-logging/1.2/commons-logging-1.2.jar:/Users/sylee/dev/apache-maven-3.6.0/repo/commons-codec/commons-codec/1.9/commons-codec-1.9.jar:/Users/sylee/dev/apache-maven-3.6.0/repo/org/apache/httpcomponents/httpmime/4.5.1/httpmime-4.5.1.jar:/Users/sylee/dev/apache-maven-3.6.0/repo/org/hamcrest/hamcrest-core/1.3/hamcrest-core-1.3.jar:/Users/sylee/dev/apache-maven-3.6.0/repo/org/hamcrest/hamcrest-library/1.3/hamcrest-library-1.3.jar:/Users/sylee/dev/apache-maven-3.6.0/repo/org/ccil/cowan/tagsoup/tagsoup/1.2.1/tagsoup-1.2.1.jar:/Users/sylee/dev/apache-maven-3.6.0/repo/io/rest-assured/xml-path/3.2.0/xml-path-3.2.0.jar:/Users/sylee/dev/apache-maven-3.6.0/repo/javax/xml/bind/jaxb-api/2.2.12/jaxb-api-2.2.12.jar:/Users/sylee/dev/apache-maven-3.6.0/repo/com/sun/xml/bind/jaxb-osgi/2.2.10/jaxb-osgi-2.2.10.jar:/Users/sylee/dev/apache-maven-3.6.0/repo/org/apache/sling/org.apache.sling.javax.activation/0.1.0/org.apache.sling.javax.activation-0.1.0.jar:/Users/sylee/dev/apache-maven-3.6.0/repo/groovy/groovy-all/1.0/groovy-all-1.0.jar:/Users/sylee/dev/apache-maven-3.6.0/repo/com/google/code/gson/gson/2.8.5/gson-2.8.5.jar:/Users/sylee/dev/apache-maven-3.6.0/repo/org/hamcrest/java-hamcrest/2.0.0.0/java-hamcrest-2.0.0.0.jar:/Users/sylee/dev/apache-maven-3.6.0/repo/io/rest-assured/json-path/3.2.0/json-path-3.2.0.jar:/Users/sylee/dev/apache-maven-3.6.0/repo/org/codehaus/groovy/groovy-json/2.4.15/groovy-json-2.4.15.jar:/Users/sylee/dev/apache-maven-3.6.0/repo/io/rest-assured/rest-assured-common/3.2.0/rest-assured-common-3.2.0.jar:/Users/sylee/dev/apache-maven-3.6.0/repo/io/rest-assured/json-schema-validator/3.2.0/json-schema-validator-3.2.0.jar:/Users/sylee/dev/apache-maven-3.6.0/repo/com/github/fge/json-schema-validator/2.2.6/json-schema-validator-2.2.6.jar:/Users/sylee/dev/apache-maven-3.6.0/repo/joda-time/joda-time/2.3/joda-time-2.3.jar:/Users/sylee/dev/apache-maven-3.6.0/repo/com/googlecode/libphonenumber/libphonenumber/6.2/libphonenumber-6.2.jar:/Users/sylee/dev/apache-maven-3.6.0/repo/com/github/fge/json-schema-core/1.2.5/json-schema-core-1.2.5.jar:/Users/sylee/dev/apache-maven-3.6.0/repo/com/github/fge/uri-template/0.9/uri-template-0.9.jar:/Users/sylee/dev/apache-maven-3.6.0/repo/com/github/fge/msg-simple/1.1/msg-simple-1.1.jar:/Users/sylee/dev/apache-maven-3.6.0/repo/com/github/fge/btf/1.2/btf-1.2.jar:/Users/sylee/dev/apache-maven-3.6.0/repo/com/github/fge/jackson-coreutils/1.8/jackson-coreutils-1.8.jar:/Users/sylee/dev/apache-maven-3.6.0/repo/com/fasterxml/jackson/core/jackson-databind/2.2.3/jackson-databind-2.2.3.jar:/Users/sylee/dev/apache-maven-3.6.0/repo/com/fasterxml/jackson/core/jackson-annotations/2.2.3/jackson-annotations-2.2.3.jar:/Users/sylee/dev/apache-maven-3.6.0/repo/com/fasterxml/jackson/core/jackson-core/2.2.3/jackson-core-2.2.3.jar:/Users/sylee/dev/apache-maven-3.6.0/repo/org/mozilla/rhino/1.7R4/rhino-1.7R4.jar:/Users/sylee/dev/apache-maven-3.6.0/repo/javax/mail/mailapi/1.4.3/mailapi-1.4.3.jar:/Users/sylee/dev/apache-maven-3.6.0/repo/net/sf/jopt-simple/jopt-simple/4.6/jopt-simple-4.6.jar:/Users/sylee/dev/apache-maven-3.6.0/repo/com/googlecode/json-simple/json-simple/1.1.1/json-simple-1.1.1.jar:/Users/sylee/dev/apache-maven-3.6.0/repo/junit/junit/4.10/junit-4.10.jar:/Users/sylee/dev/apache-maven-3.6.0/repo/io/github/bonigarcia/webdrivermanager/3.2.0/webdrivermanager-3.2.0.jar:/Users/sylee/dev/apache-maven-3.6.0/repo/org/slf4j/slf4j-api/1.7.25/slf4j-api-1.7.25.jar:/Users/sylee/dev/apache-maven-3.6.0/repo/commons-io/commons-io/2.6/commons-io-2.6.jar:/Users/sylee/dev/apache-maven-3.6.0/repo/org/apache/commons/commons-lang3/3.8.1/commons-lang3-3.8.1.jar:/Users/sylee/dev/apache-maven-3.6.0/repo/org/rauschig/jarchivelib/1.0.0/jarchivelib-1.0.0.jar:/Users/sylee/dev/apache-maven-3.6.0/repo/org/apache/commons/commons-compress/1.18/commons-compress-1.18.jar:/Users/sylee/dev/apache-maven-3.6.0/repo/org/jsoup/jsoup/1.11.3/jsoup-1.11.3.jar:/Users/sylee/dev/apache-maven-3.6.0/repo/org/apache/maven/surefire/surefire-testng-utils/2.20/surefire-testng-utils-2.20.jar:/Users/sylee/dev/apache-maven-3.6.0/repo/org/apache/maven/surefire/surefire-grouper/2.20/surefire-grouper-2.20.jar:"/>
    <property name="maven.conf" value="/Users/sylee/dev/apache-maven-3.6.0/conf"/>
    <property name="java.specification.name" value="Java Platform API Specification"/>
    <property name="java.class.version" value="52.0"/>
    <property name="sun.management.compiler" value="HotSpot 64-Bit Tiered Compilers"/>
    <property name="os.version" value="10.11.6"/>
    <property name="library.jansi.path" value="/Users/sylee/dev/apache-maven-3.6.0/lib/jansi-native"/>
    <property name="surefire.suiteXmlFiles" value="UITestSuite.xml"/>
    <property name="user.home" value="/Users/sylee"/>
    <property name="user.timezone" value="America/New_York"/>
    <property name="java.awt.printerjob" value="sun.lwawt.macosx.CPrinterJob"/>
    <property name="java.specification.version" value="1.8"/>
    <property name="file.encoding" value="UTF-8"/>
    <property name="user.name" value="sylee"/>
    <property name="java.class.path" value="/Users/sylee/dev/apache-maven-3.6.0/boot/plexus-classworlds-2.5.2.jar"/>
    <property name="java.vm.specification.version" value="1.8"/>
    <property name="sun.arch.data.model" value="64"/>
    <property name="java.home" value="/Library/Java/JavaVirtualMachines/jdk1.8.0_112.jdk/Contents/Home/jre"/>
    <property name="sun.java.command" value="org.codehaus.plexus.classworlds.launcher.Launcher test -Dsurefire.suiteXmlFiles=UITestSuite.xml"/>
    <property name="java.specification.vendor" value="Oracle Corporation"/>
    <property name="user.language" value="en"/>
    <property name="awt.toolkit" value="sun.lwawt.macosx.LWCToolkit"/>
    <property name="java.vm.info" value="mixed mode"/>
    <property name="java.version" value="1.8.0_112"/>
    <property name="java.ext.dirs" value="/Users/sylee/Library/Java/Extensions:/Library/Java/JavaVirtualMachines/jdk1.8.0_112.jdk/Contents/Home/jre/lib/ext:/Library/Java/Extensions:/Network/Library/Java/Extensions:/System/Library/Java/Extensions:/usr/lib/java"/>
    <property name="sun.boot.class.path" value="/Library/Java/JavaVirtualMachines/jdk1.8.0_112.jdk/Contents/Home/jre/lib/resources.jar:/Library/Java/JavaVirtualMachines/jdk1.8.0_112.jdk/Contents/Home/jre/lib/rt.jar:/Library/Java/JavaVirtualMachines/jdk1.8.0_112.jdk/Contents/Home/jre/lib/sunrsasign.jar:/Library/Java/JavaVirtualMachines/jdk1.8.0_112.jdk/Contents/Home/jre/lib/jsse.jar:/Library/Java/JavaVirtualMachines/jdk1.8.0_112.jdk/Contents/Home/jre/lib/jce.jar:/Library/Java/JavaVirtualMachines/jdk1.8.0_112.jdk/Contents/Home/jre/lib/charsets.jar:/Library/Java/JavaVirtualMachines/jdk1.8.0_112.jdk/Contents/Home/jre/lib/jfr.jar:/Library/Java/JavaVirtualMachines/jdk1.8.0_112.jdk/Contents/Home/jre/classes"/>
    <property name="java.vendor" value="Oracle Corporation"/>
    <property name="maven.home" value="/Users/sylee/dev/apache-maven-3.6.0"/>
    <property name="localRepository" value="/Users/sylee/dev/apache-maven-3.6.0/repo"/>
    <property name="file.separator" value="/"/>
    <property name="java.vendor.url.bug" value="http://bugreport.sun.com/bugreport/"/>
    <property name="sun.cpu.endian" value="little"/>
    <property name="sun.io.unicode.encoding" value="UnicodeBig"/>
    <property name="sun.cpu.isalist" value=""/>
  </properties>
</testsuite>