<?xml version="1.0" encoding="UTF-8"?>
<!-- Generated by org.testng.reporters.JUnitReportReporter -->
<testsuite skipped="0" hostname="C02SH3YNG8WP" name="com.UITest.tests.DpmConfigSuccessful" tests="1" failures="0" timestamp="21 Jan 2019 01:41:22 GMT" time="10.364" errors="0">
  <testcase name="configDPMSuccessful1149" time="10.364" classname="com.UITest.tests.DpmConfigSuccessful"/>
</testsuite> <!-- com.UITest.tests.DpmConfigSuccessful -->
