<?xml version="1.0" encoding="UTF-8"?>
<!-- Generated by org.testng.reporters.JUnitReportReporter -->
<testsuite skipped="0" hostname="C02SH3YNG8WP" name="com.UITest.tests.FreewheelBviPublish" tests="1" failures="0" timestamp="26 Jan 2019 21:38:45 GMT" time="28.124" errors="0">
  <testcase name="freewheelBviPublish" time="28.124" classname="com.UITest.tests.FreewheelBviPublish"/>
</testsuite> <!-- com.UITest.tests.FreewheelBviPublish -->
