<?xml version="1.0" encoding="UTF-8"?>
<!-- Generated by org.testng.reporters.JUnitReportReporter -->
<testsuite skipped="0" hostname="C02SH3YNG8WP" name="com.UITest.tests.DpmConfigSuccessful" tests="2" failures="0" timestamp="22 Jan 2019 20:38:06 GMT" time="19.621" errors="0">
  <testcase name="configDPMSuccessful1149" time="9.230" classname="com.UITest.tests.DpmConfigSuccessful"/>
  <testcase name="configDPMSuccessful1149" time="10.391" classname="com.UITest.tests.DpmConfigSuccessful"/>
</testsuite> <!-- com.UITest.tests.DpmConfigSuccessful -->
