<?xml version="1.0" encoding="UTF-8"?>
<!-- Generated by org.testng.reporters.JUnitReportReporter -->
<testsuite skipped="0" hostname="C02SH3YNG8WP" name="com.UITest.tests.LoginTest" tests="2" failures="0" timestamp="22 Jan 2019 20:38:06 GMT" time="9.306" errors="0">
  <testcase name="loginSample" time="4.661" classname="com.UITest.tests.LoginTest"/>
  <testcase name="loginSample" time="4.645" classname="com.UITest.tests.LoginTest"/>
</testsuite> <!-- com.UITest.tests.LoginTest -->
